{
  "RSpec": {
    "coverage": {
      "/Users/alexcutschall/turing/3module/projects/what_is_art/app/helpers/application_helper.rb": [
        1,
        1,
        0,
        0,
        0,
        null,
        null
      ],
      "/Users/alexcutschall/turing/3module/projects/what_is_art/app/models/user.rb": [
        1,
        null,
        1,
        1,
        1,
        1,
        1,
        1,
        1,
        1,
        1,
        null,
        1,
        0,
        0,
        0,
        null,
        null
      ],
      "/Users/alexcutschall/turing/3module/projects/what_is_art/app/models/application_record.rb": [
        1,
        1,
        null
      ],
      "/Users/alexcutschall/turing/3module/projects/what_is_art/app/controllers/application_controller.rb": [
        1,
        1,
        null,
        1,
        0,
        null,
        null
      ],
      "/Users/alexcutschall/turing/3module/projects/what_is_art/app/models/quiz_artist.rb": [
        1,
        1,
        null
      ],
      "/Users/alexcutschall/turing/3module/projects/what_is_art/app/models/quiz_artwork.rb": [
        1,
        1,
        null
      ],
      "/Users/alexcutschall/turing/3module/projects/what_is_art/app/controllers/quiz_controller.rb": [
        1,
        1,
        1,
        1,
        1,
        null,
        null
      ],
      "/Users/alexcutschall/turing/3module/projects/what_is_art/app/mailers/application_mailer.rb": [
        0,
        0,
        0,
        0
      ],
      "/Users/alexcutschall/turing/3module/projects/what_is_art/app/models/gene.rb": [
        0,
        0,
        0,
        0,
        0,
        0,
        0,
        0,
        0,
        0,
        0
      ],
      "/Users/alexcutschall/turing/3module/projects/what_is_art/app/models/favorite.rb": [
        0,
        0,
        0,
        0
      ],
      "/Users/alexcutschall/turing/3module/projects/what_is_art/app/models/artist.rb": [
        0,
        0,
        0,
        0,
        0,
        null,
        0,
        0,
        0,
        0,
        0,
        0,
        0,
        0,
        0,
        0,
        0,
        0,
        0,
        0,
        0,
        null,
        0,
        0,
        0,
        0,
        0,
        0,
        0,
        0
      ],
      "/Users/alexcutschall/turing/3module/projects/what_is_art/app/models/quote.rb": [
        0,
        0,
        null,
        0,
        0,
        0,
        0,
        0
      ],
      "/Users/alexcutschall/turing/3module/projects/what_is_art/app/models/artwork.rb": [
        0,
        0,
        0,
        0,
        0,
        0,
        0,
        0,
        0,
        0,
        0,
        0,
        0,
        0,
        0,
        0,
        0,
        0,
        0,
        0,
        0,
        null,
        0,
        0,
        0,
        0,
        0,
        0,
        0,
        0
      ],
      "/Users/alexcutschall/turing/3module/projects/what_is_art/app/models/user_favorite.rb": [
        0,
        0,
        0,
        0
      ],
      "/Users/alexcutschall/turing/3module/projects/what_is_art/app/presenters/gene_presenter.rb": [
        0,
        0,
        0,
        0,
        null,
        0,
        0,
        0,
        0,
        0,
        0,
        0,
        null,
        0,
        0,
        0,
        0,
        0,
        0,
        0,
        null,
        0,
        0,
        0,
        0,
        0,
        0,
        null,
        0,
        0,
        0,
        0,
        0,
        0,
        0,
        0,
        null,
        0
      ],
      "/Users/alexcutschall/turing/3module/projects/what_is_art/app/presenters/base_presenter.rb": [
        0,
        0,
        0,
        0,
        0,
        0,
        null,
        0,
        0,
        0,
        0
      ],
      "/Users/alexcutschall/turing/3module/projects/what_is_art/app/presenters/user_presenter.rb": [
        0,
        null,
        0,
        0,
        0,
        0,
        0,
        0,
        0,
        null,
        0,
        0,
        0,
        null,
        0
      ],
      "/Users/alexcutschall/turing/3module/projects/what_is_art/app/presenters/artist_presenter.rb": [
        0,
        0,
        0,
        0,
        null,
        0,
        0,
        0,
        0,
        0,
        0,
        0,
        null,
        0,
        0,
        0,
        0,
        0,
        0,
        0,
        null,
        0,
        0,
        0,
        0,
        0,
        0,
        0,
        null,
        0,
        0,
        0,
        0,
        0,
        0,
        0,
        null,
        0,
        0,
        0,
        0,
        0,
        0,
        0,
        null,
        0,
        0,
        0,
        0,
        0,
        0,
        0,
        null,
        0,
        0,
        0,
        0,
        0,
        0,
        0,
        null,
        0,
        0,
        0,
        0,
        0,
        0,
        0,
        null,
        0,
        0,
        0,
        0,
        0,
        0,
        0,
        null,
        0
      ],
      "/Users/alexcutschall/turing/3module/projects/what_is_art/app/presenters/artwork_presenter.rb": [
        0,
        null,
        0,
        0,
        0,
        null,
        0,
        0,
        0,
        0,
        0,
        0,
        0,
        null,
        0,
        0,
        0,
        0,
        0,
        0,
        0,
        null,
        0,
        0,
        0,
        0,
        0,
        0,
        0,
        null,
        0,
        0,
        0,
        0,
        0,
        0,
        0,
        null,
        0,
        0,
        0,
        0,
        0,
        0,
        0,
        null,
        0,
        0,
        0,
        0,
        0,
        0,
        0,
        null,
        0,
        0,
        0,
        0,
        0,
        0,
        0,
        null,
        0,
        0,
        0,
        0,
        0,
        0,
        0,
        null,
        0,
        0,
        0,
        0,
        0,
        0,
        0,
        null,
        0,
        0,
        0,
        0,
        0,
        0,
        0,
        null,
        0,
        0,
        0,
        0,
        0,
        0,
        0,
        null,
        0
      ],
      "/Users/alexcutschall/turing/3module/projects/what_is_art/app/jobs/application_job.rb": [
        0,
        0
      ],
      "/Users/alexcutschall/turing/3module/projects/what_is_art/app/controllers/favorites_controller.rb": [
        0,
        0,
        0,
        0,
        0,
        0
      ],
      "/Users/alexcutschall/turing/3module/projects/what_is_art/app/controllers/gallery_controller.rb": [
        0,
        0,
        0,
        0,
        0,
        null,
        0,
        0,
        0,
        null,
        0,
        0,
        0
      ],
      "/Users/alexcutschall/turing/3module/projects/what_is_art/app/controllers/artwork_controller.rb": [
        0,
        0,
        0,
        0,
        null,
        0,
        0,
        0,
        0
      ],
      "/Users/alexcutschall/turing/3module/projects/what_is_art/app/controllers/random_artwork_controller.rb": [
        0,
        0,
        0,
        0,
        0
      ],
      "/Users/alexcutschall/turing/3module/projects/what_is_art/app/controllers/artists_controller.rb": [
        0,
        0,
        0,
        0,
        0,
        0,
        0,
        0,
        0,
        null,
        0,
        0,
        0,
        0,
        0
      ],
      "/Users/alexcutschall/turing/3module/projects/what_is_art/app/controllers/users_controller.rb": [
        0,
        0,
        0,
        0,
        null,
        0,
        0,
        0,
        0,
        null,
        0,
        0,
        0,
        0,
        0,
        0,
        0,
        0,
        0,
        0,
        0,
        0,
        0,
        null,
        0,
        0,
        0,
        0,
        null,
        0,
        0,
        0,
        0,
        0,
        0,
        0,
        0,
        null,
        0,
        0,
        0,
        null,
        0,
        0,
        0,
        0,
        0
      ],
      "/Users/alexcutschall/turing/3module/projects/what_is_art/app/controllers/sessions_controller.rb": [
        0,
        0,
        0,
        0,
        null,
        0,
        0,
        0,
        0,
        0,
        0,
        0,
        0,
        0,
        null,
        0
      ],
      "/Users/alexcutschall/turing/3module/projects/what_is_art/app/controllers/welcome_controller.rb": [
        0,
        0,
        0,
        0
      ],
      "/Users/alexcutschall/turing/3module/projects/what_is_art/app/controllers/api/v1/users/favorites_controller.rb": [
        0,
        null,
        0,
        0,
        null,
        0,
        0,
        0,
        0,
        0,
        0,
        0,
        0,
        0,
        0,
        0,
        null,
        0,
        0,
        0,
        0,
        0,
        0,
        0
      ],
      "/Users/alexcutschall/turing/3module/projects/what_is_art/app/controllers/genes_controller.rb": [
        0,
        0,
        0,
        0,
        0,
        0,
        0,
        0,
        0
      ],
      "/Users/alexcutschall/turing/3module/projects/what_is_art/app/services/similar_artwork_search.rb": [
        0,
        0,
        0,
        0,
        0,
        null,
        0,
        0,
        0,
        0,
        0,
        null,
        0,
        0,
        null,
        0,
        0,
        0,
        null,
        0,
        0,
        0,
        0
      ],
      "/Users/alexcutschall/turing/3module/projects/what_is_art/app/services/gene_search_service.rb": [
        0,
        0,
        0,
        0,
        0,
        null,
        0,
        0,
        0,
        null,
        0,
        0,
        0,
        null,
        0,
        0,
        null,
        0,
        0,
        0,
        null,
        0,
        0,
        0,
        0,
        0,
        0,
        0,
        0,
        null,
        0,
        0,
        0,
        null,
        0,
        0,
        0,
        0,
        0,
        0,
        0,
        0,
        null,
        0,
        0,
        0,
        0
      ],
      "/Users/alexcutschall/turing/3module/projects/what_is_art/app/services/artist_search.rb": [
        0,
        0,
        0,
        0,
        0,
        null,
        0,
        0,
        0,
        0,
        0,
        null,
        0,
        0,
        0,
        0,
        0,
        null,
        0,
        0,
        0,
        0,
        0,
        null,
        0,
        0,
        null,
        0,
        0,
        0,
        null,
        0,
        0,
        0,
        null,
        0,
        0,
        0,
        null,
        0,
        0,
        0,
        null,
        0,
        0,
        0,
        null,
        0,
        0,
        0,
        null,
        0
      ],
      "/Users/alexcutschall/turing/3module/projects/what_is_art/app/services/quote_request_service.rb": [
        0,
        null,
        0,
        0,
        0,
        null,
        0,
        0,
        0,
        null,
        0,
        0,
        0,
        0,
        0,
        0,
        0,
        0,
        0
      ],
      "/Users/alexcutschall/turing/3module/projects/what_is_art/app/services/artist_request_service.rb": [
        0,
        0,
        0,
        0,
        0,
        null,
        0,
        0,
        0,
        null,
        0,
        0,
        0,
        null,
        0,
        0,
        0,
        null,
        0,
        0,
        null,
        0,
        0,
        0,
        null,
        0,
        0,
        0,
        0,
        0,
        0,
        0,
        0,
        null,
        0,
        0,
        0,
        0,
        0,
        0,
        0,
        0,
        null,
        0,
        0,
        0,
        0,
        0,
        0,
        0,
        0,
        0
      ],
      "/Users/alexcutschall/turing/3module/projects/what_is_art/app/services/random_artwork_search.rb": [
        0,
        0,
        0,
        0,
        null,
        0,
        0,
        0,
        null,
        0,
        0,
        null,
        0,
        0,
        0,
        0
      ],
      "/Users/alexcutschall/turing/3module/projects/what_is_art/app/services/artwork_search.rb": [
        0,
        0,
        0,
        0,
        0,
        null,
        0,
        0,
        0,
        null,
        0,
        0,
        null,
        0,
        0,
        0,
        0
      ],
      "/Users/alexcutschall/turing/3module/projects/what_is_art/app/services/similar_artwork_service.rb": [
        0,
        0,
        0,
        0,
        0,
        null,
        0,
        0,
        0,
        null,
        0,
        0,
        null,
        0,
        0,
        0,
        null,
        0,
        0,
        0,
        0,
        0,
        0,
        0,
        0,
        0
      ],
      "/Users/alexcutschall/turing/3module/projects/what_is_art/app/services/artwork_request_service.rb": [
        0,
        0,
        0,
        0,
        0,
        null,
        0,
        0,
        0,
        null,
        0,
        0,
        null,
        0,
        0,
        0,
        null,
        0,
        0,
        0,
        0,
        0,
        0,
        0,
        0,
        0
      ],
      "/Users/alexcutschall/turing/3module/projects/what_is_art/app/services/gallery_search.rb": [
        0,
        0,
        0,
        0,
        null,
        0,
        0,
        0,
        0,
        0,
        null,
        0,
        0,
        0,
        null,
        0,
        0,
        null,
        0,
        0,
        0,
        null,
        0
      ],
      "/Users/alexcutschall/turing/3module/projects/what_is_art/app/services/random_artwork_service.rb": [
        0,
        null,
        0,
        0,
        0,
        0,
        null,
        0,
        0,
        0,
        null,
        0,
        0,
        null,
        0,
        0,
        0,
        0,
        0,
        0,
        null,
        0,
        0,
        0,
        0,
        0,
        0,
        0,
        0,
        0
      ],
      "/Users/alexcutschall/turing/3module/projects/what_is_art/app/services/next_gallery_search.rb": [
        0,
        0,
        0,
        0,
        0,
        null,
        0,
        0,
        0,
        0,
        0,
        null,
        0,
        0,
        0,
        null,
        0,
        0,
        null,
        0,
        0,
        0,
        0
      ],
      "/Users/alexcutschall/turing/3module/projects/what_is_art/app/services/gene_search.rb": [
        0,
        0,
        0,
        0,
        0,
        null,
        0,
        0,
        0,
        0,
        0,
        null,
        0,
        0,
        0,
        0,
        0,
        null,
        0,
        0,
        null,
        0,
        0,
        0,
        null,
        0,
        0,
        0,
        0
      ],
      "/Users/alexcutschall/turing/3module/projects/what_is_art/app/services/gallery_request_service.rb": [
        0,
        0,
        0,
        0,
        null,
        0,
        0,
        0,
        null,
        0,
        0,
        null,
        0,
        0,
        0,
        null,
        0,
        0,
        0,
        0,
        0,
        0,
        0,
        0,
        0
      ],
      "/Users/alexcutschall/turing/3module/projects/what_is_art/app/services/quote_search.rb": [
        0,
        null,
        0,
        0,
        0,
        null,
        0,
        0,
        0,
        0,
        null,
        0,
        0,
        0,
        0
      ],
      "/Users/alexcutschall/turing/3module/projects/what_is_art/app/services/next_gallery_search_service.rb": [
        0,
        0,
        0,
        0,
        0,
        null,
        0,
        0,
        0,
        null,
        0,
        0,
        null,
        0,
        0,
        0,
        null,
        0,
        0,
        0,
        0,
        0,
        0,
        0,
        0,
        null,
        0,
        0,
        0,
        0
      ],
      "/Users/alexcutschall/turing/3module/projects/what_is_art/app/channels/application_cable/connection.rb": [
        0,
        0,
        0,
        0
      ],
      "/Users/alexcutschall/turing/3module/projects/what_is_art/app/channels/application_cable/channel.rb": [
        0,
        0,
        0,
        0
      ]
    },
    "timestamp": 1528241214
  }
}
